c:\users\luis\git\voip\build\src\voipcomm_marquesoliveilu83170.dir\release\audiodecoder.obj
c:\users\luis\git\voip\build\src\voipcomm_marquesoliveilu83170.dir\release\audioencoder.obj
c:\users\luis\git\voip\build\src\voipcomm_marquesoliveilu83170.dir\release\rtp_depacker.obj
c:\users\luis\git\voip\build\src\voipcomm_marquesoliveilu83170.dir\release\rtp_packer.obj
c:\users\luis\git\voip\build\src\voipcomm_marquesoliveilu83170.dir\release\simplejb.obj
c:\users\luis\git\voip\build\src\voipcomm_marquesoliveilu83170.dir\release\receiver.obj
c:\users\luis\git\voip\build\src\voipcomm_marquesoliveilu83170.dir\release\sender.obj
c:\users\luis\git\voip\build\src\voipcomm_marquesoliveilu83170.dir\release\voip_comm.obj
c:\users\luis\git\voip\build\src\voipcomm_marquesoliveilu83170.dir\release\main.obj
c:\users\luis\git\voip\build\src\cmakefiles\generate.stamp
c:\users\luis\git\voip\build\src\release\voipcomm_marquesoliveilu83170.exe
c:\users\luis\git\voip\build\src\voipcomm_marquesoliveilu83170.dir\release\voipcomm.217003e9.tlog\cl.command.1.tlog
c:\users\luis\git\voip\build\src\voipcomm_marquesoliveilu83170.dir\release\voipcomm.217003e9.tlog\cl.read.1.tlog
c:\users\luis\git\voip\build\src\voipcomm_marquesoliveilu83170.dir\release\voipcomm.217003e9.tlog\cl.write.1.tlog
c:\users\luis\git\voip\build\src\voipcomm_marquesoliveilu83170.dir\release\voipcomm.217003e9.tlog\custombuild.command.1.tlog
c:\users\luis\git\voip\build\src\voipcomm_marquesoliveilu83170.dir\release\voipcomm.217003e9.tlog\custombuild.read.1.tlog
c:\users\luis\git\voip\build\src\voipcomm_marquesoliveilu83170.dir\release\voipcomm.217003e9.tlog\custombuild.write.1.tlog
c:\users\luis\git\voip\build\src\voipcomm_marquesoliveilu83170.dir\release\voipcomm.217003e9.tlog\link.command.1.tlog
c:\users\luis\git\voip\build\src\voipcomm_marquesoliveilu83170.dir\release\voipcomm.217003e9.tlog\link.read.1.tlog
c:\users\luis\git\voip\build\src\voipcomm_marquesoliveilu83170.dir\release\voipcomm.217003e9.tlog\link.write.1.tlog
