c:\users\luis\git\voip_workspace\build\src\voipcomm_marquesoliveilu83170.dir\debug\vc142.pdb
c:\users\luis\git\voip_workspace\build\src\voipcomm_marquesoliveilu83170.dir\debug\audiodecoder.obj
c:\users\luis\git\voip_workspace\build\src\voipcomm_marquesoliveilu83170.dir\debug\audioencoder.obj
c:\users\luis\git\voip_workspace\build\src\voipcomm_marquesoliveilu83170.dir\debug\rtp_depacker.obj
c:\users\luis\git\voip_workspace\build\src\voipcomm_marquesoliveilu83170.dir\debug\rtp_packer.obj
c:\users\luis\git\voip_workspace\build\src\voipcomm_marquesoliveilu83170.dir\debug\simplejb.obj
c:\users\luis\git\voip_workspace\build\src\voipcomm_marquesoliveilu83170.dir\debug\receiver.obj
c:\users\luis\git\voip_workspace\build\src\voipcomm_marquesoliveilu83170.dir\debug\sender.obj
c:\users\luis\git\voip_workspace\build\src\voipcomm_marquesoliveilu83170.dir\debug\voip_comm.obj
c:\users\luis\git\voip_workspace\build\src\voipcomm_marquesoliveilu83170.dir\debug\main.obj
c:\users\luis\git\voip_workspace\build\src\cmakefiles\generate.stamp
c:\users\luis\git\voip_workspace\build\src\debug\voipcomm_marquesoliveilu83170.pdb
c:\users\luis\git\voip_workspace\build\src\voipcomm_marquesoliveilu83170.dir\debug\voipcomm.6bb1e713.tlog\cl.command.1.tlog
c:\users\luis\git\voip_workspace\build\src\voipcomm_marquesoliveilu83170.dir\debug\voipcomm.6bb1e713.tlog\cl.read.1.tlog
c:\users\luis\git\voip_workspace\build\src\voipcomm_marquesoliveilu83170.dir\debug\voipcomm.6bb1e713.tlog\cl.write.1.tlog
c:\users\luis\git\voip_workspace\build\src\voipcomm_marquesoliveilu83170.dir\debug\voipcomm.6bb1e713.tlog\custombuild.command.1.tlog
c:\users\luis\git\voip_workspace\build\src\voipcomm_marquesoliveilu83170.dir\debug\voipcomm.6bb1e713.tlog\custombuild.read.1.tlog
c:\users\luis\git\voip_workspace\build\src\voipcomm_marquesoliveilu83170.dir\debug\voipcomm.6bb1e713.tlog\custombuild.write.1.tlog
c:\users\luis\git\voip_workspace\build\src\voipcomm_marquesoliveilu83170.dir\debug\voipcomm.6bb1e713.tlog\link-cvtres.read.1.tlog
c:\users\luis\git\voip_workspace\build\src\voipcomm_marquesoliveilu83170.dir\debug\voipcomm.6bb1e713.tlog\link-cvtres.write.1.tlog
c:\users\luis\git\voip_workspace\build\src\voipcomm_marquesoliveilu83170.dir\debug\voipcomm.6bb1e713.tlog\link-rc.read.1.tlog
c:\users\luis\git\voip_workspace\build\src\voipcomm_marquesoliveilu83170.dir\debug\voipcomm.6bb1e713.tlog\link-rc.write.1.tlog
c:\users\luis\git\voip_workspace\build\src\voipcomm_marquesoliveilu83170.dir\debug\voipcomm.6bb1e713.tlog\link.67360-cvtres.read.1.tlog
c:\users\luis\git\voip_workspace\build\src\voipcomm_marquesoliveilu83170.dir\debug\voipcomm.6bb1e713.tlog\link.67360-cvtres.write.1.tlog
c:\users\luis\git\voip_workspace\build\src\voipcomm_marquesoliveilu83170.dir\debug\voipcomm.6bb1e713.tlog\link.67360-rc.read.1.tlog
c:\users\luis\git\voip_workspace\build\src\voipcomm_marquesoliveilu83170.dir\debug\voipcomm.6bb1e713.tlog\link.67360-rc.write.1.tlog
c:\users\luis\git\voip_workspace\build\src\voipcomm_marquesoliveilu83170.dir\debug\voipcomm.6bb1e713.tlog\link.67360.read.1.tlog
c:\users\luis\git\voip_workspace\build\src\voipcomm_marquesoliveilu83170.dir\debug\voipcomm.6bb1e713.tlog\link.67360.read.2.tlog
c:\users\luis\git\voip_workspace\build\src\voipcomm_marquesoliveilu83170.dir\debug\voipcomm.6bb1e713.tlog\link.67360.write.1.tlog
c:\users\luis\git\voip_workspace\build\src\voipcomm_marquesoliveilu83170.dir\debug\voipcomm.6bb1e713.tlog\link.command.1.tlog
c:\users\luis\git\voip_workspace\build\src\voipcomm_marquesoliveilu83170.dir\debug\voipcomm.6bb1e713.tlog\link.read.1.tlog
c:\users\luis\git\voip_workspace\build\src\voipcomm_marquesoliveilu83170.dir\debug\voipcomm.6bb1e713.tlog\link.read.2.tlog
c:\users\luis\git\voip_workspace\build\src\voipcomm_marquesoliveilu83170.dir\debug\voipcomm.6bb1e713.tlog\link.write.1.tlog
