Performing C++ SOURCE FILE Test COMPILER_SUPPORTS_CXX11 failed with the following output:
Change Dir: C:/Users/luis/git/voip_workspace/build/CMakeFiles/CMakeTmp

Run Build Command(s):d:/Program Files (x86)/Microsoft Visual Studio/2019/Community/MSBuild/Current/Bin/MSBuild.exe cmTC_1ef0c.vcxproj /p:Configuration=Debug /p:Platform=x64 /p:VisualStudioVersion=16.0 /v:m && Microsoft (R) Build Engine version 16.7.0+b89cb5fde for .NET Framework
Copyright (C) Microsoft Corporation. All rights reserved.

  Microsoft (R) C/C++ Optimizing Compiler Version 19.27.29112 for x64
  src.cxx
  Copyright (C) Microsoft Corporation.  All rights reserved.
  cl /c /Zi /W3 /WX- /diagnostics:column /Od /Ob0 /D WIN32 /D _WINDOWS /D COMPILER_SUPPORTS_CXX11 /D "CMAKE_INTDIR=\"Debug\"" /D _MBCS /Gm- /EHsc /RTC1 /MDd /GS /fp:precise /Zc:wchar_t /Zc:forScope /Zc:inline /GR /Fo"cmTC_1ef0c.dir\Debug\\" /Fd"cmTC_1ef0c.dir\Debug\vc142.pdb" /Gd /TP /errorReport:queue  -std=c++11 C:\Users\luis\git\voip_workspace\build\CMakeFiles\CMakeTmp\src.cxx
cl : command line warning D9002: ignoring unknown option '-std=c++11' [C:\Users\luis\git\voip_workspace\build\CMakeFiles\CMakeTmp\cmTC_1ef0c.vcxproj]
  cmTC_1ef0c.vcxproj -> C:\Users\luis\git\voip_workspace\build\CMakeFiles\CMakeTmp\Debug\cmTC_1ef0c.exe


Source file was:
int main() { return 0; }
Determining if the function gettimeofday exists failed with the following output:
Change Dir: C:/Users/luis/git/voip_workspace/build/CMakeFiles/CMakeTmp

Run Build Command(s):d:/Program Files (x86)/Microsoft Visual Studio/2019/Community/MSBuild/Current/Bin/MSBuild.exe cmTC_73202.vcxproj /p:Configuration=Debug /p:Platform=x64 /p:VisualStudioVersion=16.0 /v:m && Microsoft (R) Build Engine version 16.7.0+b89cb5fde for .NET Framework
Copyright (C) Microsoft Corporation. All rights reserved.

  Microsoft (R) C/C++ Optimizing Compiler Version 19.27.29112 for x64
  CheckFunctionExists.c
  Copyright (C) Microsoft Corporation.  All rights reserved.
  cl /c /Zi /W3 /WX- /diagnostics:column /Od /Ob0 /D WIN32 /D _WINDOWS /D CHECK_FUNCTION_EXISTS=gettimeofday /D "CMAKE_INTDIR=\"Debug\"" /D _MBCS /Gm- /RTC1 /MDd /GS /fp:precise /Zc:wchar_t /Zc:forScope /Zc:inline /Fo"cmTC_73202.dir\Debug\\" /Fd"cmTC_73202.dir\Debug\vc142.pdb" /Gd /TC /errorReport:queue "D:\Program Files\CMake\share\cmake-3.18\Modules\CheckFunctionExists.c"
CheckFunctionExists.obj : error LNK2019: unresolved external symbol gettimeofday referenced in function main [C:\Users\luis\git\voip_workspace\build\CMakeFiles\CMakeTmp\cmTC_73202.vcxproj]
C:\Users\luis\git\voip_workspace\build\CMakeFiles\CMakeTmp\Debug\cmTC_73202.exe : fatal error LNK1120: 1 unresolved externals [C:\Users\luis\git\voip_workspace\build\CMakeFiles\CMakeTmp\cmTC_73202.vcxproj]



